<?xml version="1.0" encoding="UTF-8"?>
<!-- Generated by org.testng.reporters.JUnitReportReporter -->
<testsuite hostname="Roshal" failures="0" tests="1" name="testcases.createCampaign" time="5.768" errors="0" timestamp="2025-07-18T12:14:28 IST" skipped="0">
  <testcase classname="testcases.createCampaign" name="createcampaign" time="5.768"/>
  <system-out>
    <![CDATA[DB Connectivity open]]>
  </system-out>
</testsuite> <!-- testcases.createCampaign -->
