<?xml version="1.0" encoding="UTF-8"?>
<!-- Generated by org.testng.reporters.JUnitReportReporter -->
<testsuite hostname="Roshal" failures="0" tests="1" name="testcases.createDateTest" time="7.931" errors="0" timestamp="2025-07-25T11:18:45 IST" skipped="0">
  <testcase classname="testcases.createDateTest" name="createDate" time="7.931"/>
  <system-out>
    <![CDATA[report configuration
DB Connectivity open]]>
  </system-out>
</testsuite> <!-- testcases.createDateTest -->
