<?xml version="1.0" encoding="UTF-8"?>
<!-- Generated by org.testng.reporters.JUnitReportReporter -->
<testsuite hostname="Roshal" failures="0" tests="1" name="testcases.createCampaignTest" time="7.909" errors="0" timestamp="2025-07-25T11:18:15 IST" skipped="0">
  <testcase classname="testcases.createCampaignTest" name="createcampaign" time="7.909"/>
  <system-out>
    <![CDATA[report configuration
DB Connectivity open]]>
  </system-out>
</testsuite> <!-- testcases.createCampaignTest -->
