<?xml version="1.0" encoding="UTF-8"?>
<!-- Generated by org.testng.reporters.JUnitReportReporter -->
<testsuite hostname="Roshal" failures="0" tests="1" name="testcases.CreateCampaignStatusTest" time="8.240" errors="0" timestamp="2025-07-25T11:08:08 IST" skipped="0">
  <testcase classname="testcases.CreateCampaignStatusTest" name="createCampaignStatus" time="8.240"/>
  <system-out>
    <![CDATA[DB Connectivity open]]>
  </system-out>
</testsuite> <!-- testcases.CreateCampaignStatusTest -->
