<?xml version="1.0" encoding="UTF-8"?>
<!-- Generated by org.testng.reporters.JUnitReportReporter -->
<testsuite hostname="Roshal" failures="0" tests="1" name="testcases.CreateProductTest" time="15.225" errors="0" timestamp="2025-07-25T11:19:31 IST" skipped="0">
  <testcase classname="testcases.CreateProductTest" name="createProduct" time="15.225"/>
  <system-out>
    <![CDATA[report configuration
DB Connectivity open]]>
  </system-out>
</testsuite> <!-- testcases.CreateProductTest -->
