<?xml version="1.0" encoding="UTF-8"?>
<!-- Generated by org.testng.reporters.JUnitReportReporter -->
<testsuite hostname="Roshal" failures="0" tests="1" name="testcases.CreateCampaignStatus" time="6.596" errors="0" timestamp="2025-07-18T07:06:54 IST" skipped="0">
  <testcase classname="testcases.CreateCampaignStatus" name="CreateCampaignStatus" time="6.596"/>
  <system-out>
    <![CDATA[DB Connectivity open]]>
  </system-out>
</testsuite> <!-- testcases.CreateCampaignStatus -->
