<?xml version="1.0" encoding="UTF-8"?>
<!-- Generated by org.testng.reporters.JUnitReportReporter -->
<testsuite hostname="Roshal" failures="0" tests="1" name="testcases.Practice" time="0.043" errors="0" timestamp="2025-07-14T08:37:12 IST" skipped="0">
  <testcase classname="testcases.Practice" name="TC001" time="0.043">
    <system-out>
      <![CDATA[Testcases done]]>
    </system-out>
  </testcase> <!-- TC001 -->
  <system-out>
    <![CDATA[DB Connectivity open
pre conditions
launching browser
login
Testcases done
Logout
closing browser
post conditions
DB connectivity close]]>
  </system-out>
</testsuite> <!-- testcases.Practice -->
