<?xml version="1.0" encoding="UTF-8"?>
<!-- Generated by org.testng.reporters.JUnitReportReporter -->
<testsuite hostname="Roshal" failures="0" tests="1" name="testcases.CreateProductTest" time="67.266" errors="0" timestamp="2025-07-29T10:41:23 IST" skipped="0">
  <testcase classname="testcases.CreateProductTest" name="createProduct" time="67.266"/>
  <system-out>
    <![CDATA[report configuration
DB Connectivity open]]>
  </system-out>
</testsuite> <!-- testcases.CreateProductTest -->
